0 info it worked if it ends with ok
1 verbose cli [ 'C:\\Program Files\\nodejs\\node.exe',
1 verbose cli   'C:\\Program Files\\nodejs\\node_modules\\npm\\bin\\npm-cli.js',
1 verbose cli   'run',
1 verbose cli   'test',
1 verbose cli   '--no-cache' ]
2 info using npm@5.3.0
3 info using node@v8.6.0
4 verbose run-script [ 'pretest', 'test', 'posttest' ]
5 info lifecycle webpack_react@1.0.0~pretest: webpack_react@1.0.0
6 info lifecycle webpack_react@1.0.0~test: webpack_react@1.0.0
7 verbose lifecycle webpack_react@1.0.0~test: unsafe-perm in lifecycle true
8 verbose lifecycle webpack_react@1.0.0~test: PATH: C:\Program Files\nodejs\node_modules\npm\bin\node-gyp-bin;G:\webpack_react\node_modules\.bin;C:\ProgramData\Oracle\Java\javapath;C:\Windows\system32;C:\Windows;C:\Windows\System32\Wbem;C:\Windows\System32\WindowsPowerShell\v1.0\;C:\Program Files\MySQL\MySQL Utilities 1.6\; G:\java\bin; C:\ffmpeg\bin;c:\program files\mongodb\server\3.2\bin;C:\Program Files\nodejs\;C:\Program Files\Git\cmd;C:\ProgramData\Oracle\Java\javapath;C:\Windows\system32;C:\Windows;C:\Windows\System32\Wbem;C:\Windows\System32\WindowsPowerShell\v1.0\;C:\Program Files\MySQL\MySQL Utilities 1.6\; G:\java\bin;C:\Program Files\nodejs\; C:\ffmpeg\bin;C:\ffmpeg\bin;C:\ffmpeg\bin;C:\Program Files\Microsoft VS Code\bin;C:\Users\David-dev\AppData\Roaming\npm
9 verbose lifecycle webpack_react@1.0.0~test: CWD: G:\webpack_react
10 silly lifecycle webpack_react@1.0.0~test: Args: [ '/d /s /c', 'jest --config=jest.config.json --watch' ]
11 silly lifecycle webpack_react@1.0.0~test: Returned: code: 1  signal: null
12 info lifecycle webpack_react@1.0.0~test: Failed to exec test script
13 verbose stack Error: webpack_react@1.0.0 test: `jest --config=jest.config.json --watch`
13 verbose stack Exit status 1
13 verbose stack     at EventEmitter.<anonymous> (C:\Program Files\nodejs\node_modules\npm\lib\utils\lifecycle.js:289:16)
13 verbose stack     at emitTwo (events.js:125:13)
13 verbose stack     at EventEmitter.emit (events.js:213:7)
13 verbose stack     at ChildProcess.<anonymous> (C:\Program Files\nodejs\node_modules\npm\lib\utils\spawn.js:40:14)
13 verbose stack     at emitTwo (events.js:125:13)
13 verbose stack     at ChildProcess.emit (events.js:213:7)
13 verbose stack     at maybeClose (internal/child_process.js:927:16)
13 verbose stack     at Process.ChildProcess._handle.onexit (internal/child_process.js:211:5)
14 verbose pkgid webpack_react@1.0.0
15 verbose cwd G:\webpack_react
16 verbose Windows_NT 6.1.7601
17 verbose argv "C:\\Program Files\\nodejs\\node.exe" "C:\\Program Files\\nodejs\\node_modules\\npm\\bin\\npm-cli.js" "run" "test" "--no-cache"
18 verbose node v8.6.0
19 verbose npm  v5.3.0
20 error code ELIFECYCLE
21 error errno 1
22 error webpack_react@1.0.0 test: `jest --config=jest.config.json --watch`
22 error Exit status 1
23 error Failed at the webpack_react@1.0.0 test script.
23 error This is probably not a problem with npm. There is likely additional logging output above.
24 verbose exit [ 1, true ]
